{"name": "Страница авторизации. Некорректные данные(login)/неуспешная авторизация", "status": "broken", "statusDetails": {"message": "selenium.common.exceptions.WebDriverException: Message: Service /root/.wdm/drivers/chromedriver/linux64/101.0.4951.41/chromedriver unexpectedly exited. Status code was: 127", "trace": "config = {'browser': 'chrome', 'debug_log': False, 'selenoid': None, 'url': 'http://my_app:8086/', ...}\ntemp_dir = '/tmp/tests/code/ui_myapp/tests/test_ui.py::TestUIUnauthorizedUserAuthPage::test_auth_page_invalid_data_username'\n\n    @pytest.fixture()\n    def driver(config, temp_dir):\n        browser = config['browser']\n        url = config['url']\n        selenoid = config['selenoid']\n        vnc = config['vnc']\n        if selenoid:\n            capabilities = {\n                'browserName': 'chrome',\n                'version': '98.0',\n            }\n            if vnc:\n                capabilities['enableVNC'] = True\n            driver = webdriver.Remote(\n                'http://127.0.0.1:4444/wd/hub',\n                desired_capabilities=capabilities\n            )\n        else:\n>           driver = webdriver.Chrome(executable_path=ChromeDriverManager().install())\n\nbrowser    = 'chrome'\nconfig     = {'browser': 'chrome', 'debug_log': False, 'selenoid': None, 'url': 'http://my_app:8086/', ...}\nselenoid   = None\ntemp_dir   = '/tmp/tests/code/ui_myapp/tests/test_ui.py::TestUIUnauthorizedUserAuthPage::test_auth_page_invalid_data_username'\nurl        = 'http://my_app:8086/'\nvnc        = False\n\ncode/ui_myapp/tools/fixtures.py:26: \n_ _ _ _ _ _ _ _ _ _ _ _ _ _ _ _ _ _ _ _ _ _ _ _ _ _ _ _ _ _ _ _ _ _ _ _ _ _ _ _ \n/usr/local/lib/python3.8/site-packages/selenium/webdriver/chrome/webdriver.py:70: in __init__\n    super(WebDriver, self).__init__(DesiredCapabilities.CHROME['browserName'], \"goog\",\n        __class__  = <class 'selenium.webdriver.chrome.webdriver.WebDriver'>\n        chrome_options = None\n        desired_capabilities = None\n        executable_path = '/root/.wdm/drivers/chromedriver/linux64/101.0.4951.41/chromedriver'\n        keep_alive = True\n        options    = None\n        port       = 0\n        self       = <[AttributeError(\"'WebDriver' object has no attribute 'session_id'\") raised in repr()] WebDriver object at 0x7f415ed60430>\n        service    = <selenium.webdriver.chrome.service.Service object at 0x7f415ed60af0>\n        service_args = None\n        service_log_path = None\n/usr/local/lib/python3.8/site-packages/selenium/webdriver/chromium/webdriver.py:90: in __init__\n    self.service.start()\n        __class__  = <class 'selenium.webdriver.chromium.webdriver.ChromiumDriver'>\n        _ignore_proxy = None\n        browser_name = 'chrome'\n        desired_capabilities = None\n        keep_alive = True\n        options    = <selenium.webdriver.chrome.options.Options object at 0x7f415ed60f10>\n        port       = 0\n        self       = <[AttributeError(\"'WebDriver' object has no attribute 'session_id'\") raised in repr()] WebDriver object at 0x7f415ed60430>\n        service    = <selenium.webdriver.chrome.service.Service object at 0x7f415ed60af0>\n        service_args = None\n        service_log_path = None\n        vendor_prefix = 'goog'\n/usr/local/lib/python3.8/site-packages/selenium/webdriver/common/service.py:98: in start\n    self.assert_process_still_running()\n        cmd        = ['/root/.wdm/drivers/chromedriver/linux64/101.0.4951.41/chromedriver', '--port=36811']\n        count      = 1\n        self       = <selenium.webdriver.chrome.service.Service object at 0x7f415ed60af0>\n_ _ _ _ _ _ _ _ _ _ _ _ _ _ _ _ _ _ _ _ _ _ _ _ _ _ _ _ _ _ _ _ _ _ _ _ _ _ _ _ \n\nself = <selenium.webdriver.chrome.service.Service object at 0x7f415ed60af0>\n\n    def assert_process_still_running(self):\n        return_code = self.process.poll()\n        if return_code:\n>           raise WebDriverException(\n                'Service %s unexpectedly exited. Status code was: %s'\n                % (self.path, return_code)\n            )\nE           selenium.common.exceptions.WebDriverException: Message: Service /root/.wdm/drivers/chromedriver/linux64/101.0.4951.41/chromedriver unexpectedly exited. Status code was: 127\n\nreturn_code = 127\nself       = <selenium.webdriver.chrome.service.Service object at 0x7f415ed60af0>\n\n/usr/local/lib/python3.8/site-packages/selenium/webdriver/common/service.py:110: WebDriverException"}, "description": "\n                 Тестирование: Авторизация\n                 Предусловия: Некорректные данные(login)\n                 Шаги:\n                 1. Ввести данные через UI\n                 Ожидаемый результат:\n                 Неуспешный вход, пользователь остается на /login (+)\n                 Pop-up, уведомляющий пользователя о неверной комбинации логина/пароля (+)\n                 Фактический результат:\n                 Неуспешный вход, пользователь остается на /login\n                 Pop-up, уведомляющий пользователя о неверной комбинации логина/пароля\n        ", "attachments": [{"name": "log", "source": "477fd34e-9e6e-43b9-a51c-40b33a438086-attachment.txt", "type": "text/plain"}], "start": 1653207410699, "stop": 1653207410699, "uuid": "9aebe66e-145a-49d5-b96a-9b26fe13ffe0", "historyId": "d60e65553e8db00b179502b22a2c1866", "testCaseId": "66f8956402d8f68a84e328913108515e", "fullName": "code.ui_myapp.tests.test_ui.TestUIUnauthorizedUserAuthPage#test_auth_page_invalid_data_username", "labels": [{"name": "tag", "value": "UI"}, {"name": "parentSuite", "value": "code.ui_myapp.tests"}, {"name": "suite", "value": "test_ui"}, {"name": "subSuite", "value": "TestUIUnauthorizedUserAuthPage"}, {"name": "host", "value": "b6907d2b5ab6"}, {"name": "thread", "value": "1-MainThread"}, {"name": "framework", "value": "pytest"}, {"name": "language", "value": "cpython3"}, {"name": "package", "value": "code.ui_myapp.tests.test_ui"}]}