{"name": "Страница регистрации. Не соотв. схеме email", "status": "broken", "statusDetails": {"message": "selenium.common.exceptions.WebDriverException: Message: Service /root/.wdm/drivers/chromedriver/linux64/101.0.4951.41/chromedriver unexpectedly exited. Status code was: 127", "trace": "config = {'browser': 'chrome', 'debug_log': False, 'selenoid': None, 'url': 'http://my_app:8086/', ...}\ntemp_dir = '/tmp/tests/code/ui_myapp/tests/test_ui.py::TestUIUnauthorizedUserRegistrationPage::test_reg_page_validation_invalid_email_schema[1]'\n\n    @pytest.fixture()\n    def driver(config, temp_dir):\n        browser = config['browser']\n        url = config['url']\n        selenoid = config['selenoid']\n        vnc = config['vnc']\n        if selenoid:\n            capabilities = {\n                'browserName': 'chrome',\n                'version': '98.0',\n            }\n            if vnc:\n                capabilities['enableVNC'] = True\n            driver = webdriver.Remote(\n                'http://127.0.0.1:4444/wd/hub',\n                desired_capabilities=capabilities\n            )\n        else:\n>           driver = webdriver.Chrome(executable_path=ChromeDriverManager().install())\n\nbrowser    = 'chrome'\nconfig     = {'browser': 'chrome', 'debug_log': False, 'selenoid': None, 'url': 'http://my_app:8086/', ...}\nselenoid   = None\ntemp_dir   = '/tmp/tests/code/ui_myapp/tests/test_ui.py::TestUIUnauthorizedUserRegistrationPage::test_reg_page_validation_invalid_email_schema[1]'\nurl        = 'http://my_app:8086/'\nvnc        = False\n\ncode/ui_myapp/tools/fixtures.py:26: \n_ _ _ _ _ _ _ _ _ _ _ _ _ _ _ _ _ _ _ _ _ _ _ _ _ _ _ _ _ _ _ _ _ _ _ _ _ _ _ _ \n/usr/local/lib/python3.8/site-packages/selenium/webdriver/chrome/webdriver.py:70: in __init__\n    super(WebDriver, self).__init__(DesiredCapabilities.CHROME['browserName'], \"goog\",\n        __class__  = <class 'selenium.webdriver.chrome.webdriver.WebDriver'>\n        chrome_options = None\n        desired_capabilities = None\n        executable_path = '/root/.wdm/drivers/chromedriver/linux64/101.0.4951.41/chromedriver'\n        keep_alive = True\n        options    = None\n        port       = 0\n        self       = <[AttributeError(\"'WebDriver' object has no attribute 'session_id'\") raised in repr()] WebDriver object at 0x7f90700f3490>\n        service    = <selenium.webdriver.chrome.service.Service object at 0x7f90700f3670>\n        service_args = None\n        service_log_path = None\n/usr/local/lib/python3.8/site-packages/selenium/webdriver/chromium/webdriver.py:90: in __init__\n    self.service.start()\n        __class__  = <class 'selenium.webdriver.chromium.webdriver.ChromiumDriver'>\n        _ignore_proxy = None\n        browser_name = 'chrome'\n        desired_capabilities = None\n        keep_alive = True\n        options    = <selenium.webdriver.chrome.options.Options object at 0x7f90700f30a0>\n        port       = 0\n        self       = <[AttributeError(\"'WebDriver' object has no attribute 'session_id'\") raised in repr()] WebDriver object at 0x7f90700f3490>\n        service    = <selenium.webdriver.chrome.service.Service object at 0x7f90700f3670>\n        service_args = None\n        service_log_path = None\n        vendor_prefix = 'goog'\n/usr/local/lib/python3.8/site-packages/selenium/webdriver/common/service.py:98: in start\n    self.assert_process_still_running()\n        cmd        = ['/root/.wdm/drivers/chromedriver/linux64/101.0.4951.41/chromedriver', '--port=43907']\n        count      = 1\n        self       = <selenium.webdriver.chrome.service.Service object at 0x7f90700f3670>\n_ _ _ _ _ _ _ _ _ _ _ _ _ _ _ _ _ _ _ _ _ _ _ _ _ _ _ _ _ _ _ _ _ _ _ _ _ _ _ _ \n\nself = <selenium.webdriver.chrome.service.Service object at 0x7f90700f3670>\n\n    def assert_process_still_running(self):\n        return_code = self.process.poll()\n        if return_code:\n>           raise WebDriverException(\n                'Service %s unexpectedly exited. Status code was: %s'\n                % (self.path, return_code)\n            )\nE           selenium.common.exceptions.WebDriverException: Message: Service /root/.wdm/drivers/chromedriver/linux64/101.0.4951.41/chromedriver unexpectedly exited. Status code was: 127\n\nreturn_code = 127\nself       = <selenium.webdriver.chrome.service.Service object at 0x7f90700f3670>\n\n/usr/local/lib/python3.8/site-packages/selenium/webdriver/common/service.py:110: WebDriverException"}, "description": "\n                                              Тестирование: Регистрация. Email не соотв. схеме (имя+@+домен)\n                                              Предусловия: Сгенерировать валидные данные\n                                              Шаги:\n                                              1. Заполнить через UI все поля регистрации\n                                              Ожидаемый результат:\n                                              1. Пользователь остается на странице /reg (+)\n                                              2. Показывается pop-up, уведомляющий о том, что email не соотв. схеме (+)\n                                              3. Пользователь с указанными данными не создается в БД (+)\n                                              Фактический результат:\n                                              1. Пользователь остается на странице /reg (+)\n                                              2. Показывается pop-up, уведомляющий о том, что email не соотв. схеме\n                                              3. Пользователь с указанными данными не создается в БД (+)\n        ", "attachments": [{"name": "log", "source": "2a16695e-5750-45c1-b032-2f2cd35f90c7-attachment.txt", "type": "text/plain"}], "parameters": [{"name": "flag", "value": "1"}], "start": 1653172699249, "stop": 1653172699249, "uuid": "da250e64-ba00-4dc9-83ee-e83d4f7f2641", "historyId": "b106fff04e749d5f95839325391fc400", "testCaseId": "792eb4eacb57dfbea753bc09639da483", "fullName": "code.ui_myapp.tests.test_ui.TestUIUnauthorizedUserRegistrationPage#test_reg_page_validation_invalid_email_schema", "labels": [{"name": "tag", "value": "UI"}, {"name": "parentSuite", "value": "code.ui_myapp.tests"}, {"name": "suite", "value": "test_ui"}, {"name": "subSuite", "value": "TestUIUnauthorizedUserRegistrationPage"}, {"name": "host", "value": "65c64318f096"}, {"name": "thread", "value": "1-MainThread"}, {"name": "framework", "value": "pytest"}, {"name": "language", "value": "cpython3"}, {"name": "package", "value": "code.ui_myapp.tests.test_ui"}]}